<?xml version="1.0" encoding="UTF-8"?>
<testsuite xmlns:xsi="http://www.w3.org/2001/XMLSchema-instance" xsi:noNamespaceSchemaLocation="https://maven.apache.org/surefire/maven-surefire-plugin/xsd/surefire-test-report-3.0.xsd" version="3.0" name="se.skillytaire.belastingdienst.ee.entity.AdresTest" time="11.464" tests="322" errors="1" skipped="0" failures="0">
  <properties>
    <property name="sun.desktop" value="windows"/>
    <property name="awt.toolkit" value="sun.awt.windows.WToolkit"/>
    <property name="file.encoding.pkg" value="sun.io"/>
    <property name="java.specification.version" value="1.8"/>
    <property name="sun.cpu.isalist" value="amd64"/>
    <property name="sun.jnu.encoding" value="Cp1252"/>
    <property name="java.class.path" value="C:\2019-03 Full Stack EE Developer Track\workspace\Java3\se.skillytaire.belastingdienst.ee.entity\target\test-classes;C:\2019-03 Full Stack EE Developer Track\workspace\Java3\se.skillytaire.belastingdienst.ee.entity\target\classes;C:\Users\Reinier van Leussen\.m2\repository\org\eclipse\persistence\eclipselink\2.5.0\eclipselink-2.5.0.jar;C:\Users\Reinier van Leussen\.m2\repository\org\eclipse\persistence\javax.persistence\2.1.0\javax.persistence-2.1.0.jar;C:\Users\Reinier van Leussen\.m2\repository\org\eclipse\persistence\commonj.sdo\2.1.1\commonj.sdo-2.1.1.jar;C:\Users\Reinier van Leussen\.m2\repository\org\hsqldb\hsqldb\2.4.1\hsqldb-2.4.1.jar;C:\Users\Reinier van Leussen\.m2\repository\se\skillytaire\service\wheater\klart\1.0.0\klart-1.0.0.jar;C:\Users\Reinier van Leussen\.m2\repository\org\jsoup\jsoup\1.11.3\jsoup-1.11.3.jar;C:\Users\Reinier van Leussen\.m2\repository\commons-io\commons-io\2.6\commons-io-2.6.jar;C:\Users\Reinier van Leussen\.m2\repository\se\skillytaire\service\wheater\api\1.0.0\api-1.0.0.jar;C:\Users\Reinier van Leussen\.m2\repository\javax\javaee-api\7.0\javaee-api-7.0.jar;C:\Users\Reinier van Leussen\.m2\repository\com\sun\mail\javax.mail\1.5.0\javax.mail-1.5.0.jar;C:\Users\Reinier van Leussen\.m2\repository\javax\activation\activation\1.1\activation-1.1.jar;C:\Users\Reinier van Leussen\.m2\repository\org\postgresql\postgresql\42.2.5\postgresql-42.2.5.jar;C:\Users\Reinier van Leussen\.m2\repository\org\slf4j\jcl-over-slf4j\1.7.26\jcl-over-slf4j-1.7.26.jar;C:\Users\Reinier van Leussen\.m2\repository\org\slf4j\slf4j-api\1.7.26\slf4j-api-1.7.26.jar;C:\Users\Reinier van Leussen\.m2\repository\org\slf4j\slf4j-log4j12\1.7.26\slf4j-log4j12-1.7.26.jar;C:\Users\Reinier van Leussen\.m2\repository\log4j\log4j\1.2.17\log4j-1.2.17.jar;C:\Users\Reinier van Leussen\.m2\repository\junit\junit\4.12\junit-4.12.jar;C:\Users\Reinier van Leussen\.m2\repository\org\hamcrest\hamcrest-core\1.3\hamcrest-core-1.3.jar;C:\Users\Reinier van Leussen\.m2\repository\se\skillytaire\course\tools\junit\jlc\1.4.5\jlc-1.4.5.jar;C:\Users\Reinier van Leussen\.m2\repository\org\apache\httpcomponents\httpclient\4.5.8\httpclient-4.5.8.jar;C:\Users\Reinier van Leussen\.m2\repository\org\apache\httpcomponents\httpcore\4.4.11\httpcore-4.4.11.jar;C:\Users\Reinier van Leussen\.m2\repository\commons-logging\commons-logging\1.2\commons-logging-1.2.jar;C:\Users\Reinier van Leussen\.m2\repository\commons-codec\commons-codec\1.11\commons-codec-1.11.jar;C:\Users\Reinier van Leussen\.m2\repository\com\googlecode\gwt-validation\gwt-validation\2.1\gwt-validation-2.1.jar;C:\Users\Reinier van Leussen\.m2\repository\javax\validation\validation-api\1.0.0.GA\validation-api-1.0.0.GA-sources.jar;C:\Users\Reinier van Leussen\.m2\repository\javax\validation\validation-api\1.0.0.GA\validation-api-1.0.0.GA.jar;C:\Users\Reinier van Leussen\.m2\repository\org\reflections\reflections\0.9.5\reflections-0.9.5.jar;C:\Users\Reinier van Leussen\.m2\repository\javassist\javassist\3.12.1.GA\javassist-3.12.1.GA.jar;C:\Users\Reinier van Leussen\.m2\repository\dom4j\dom4j\1.6.1\dom4j-1.6.1.jar;C:\Users\Reinier van Leussen\.m2\repository\xml-apis\xml-apis\1.0.b2\xml-apis-1.0.b2.jar;"/>
    <property name="java.vm.vendor" value="Oracle Corporation"/>
    <property name="sun.arch.data.model" value="64"/>
    <property name="user.variant" value=""/>
    <property name="java.vendor.url" value="http://java.oracle.com/"/>
    <property name="user.timezone" value="Europe/Berlin"/>
    <property name="java.vm.specification.version" value="1.8"/>
    <property name="os.name" value="Windows 10"/>
    <property name="user.country" value="NL"/>
    <property name="sun.java.launcher" value="SUN_STANDARD"/>
    <property name="sun.boot.library.path" value="C:\Program Files\Java\jdk1.8.0_201\jre\bin"/>
    <property name="sun.java.command" value="C:\Windows\Temp\surefire5615210314734920466\surefirebooter2771320424340371059.jar C:\Windows\Temp\surefire5615210314734920466 2019-04-30T15-13-02_239-jvmRun1 surefire624606891078174233tmp surefire_02436257789253033783tmp"/>
    <property name="surefire.test.class.path" value="C:\2019-03 Full Stack EE Developer Track\workspace\Java3\se.skillytaire.belastingdienst.ee.entity\target\test-classes;C:\2019-03 Full Stack EE Developer Track\workspace\Java3\se.skillytaire.belastingdienst.ee.entity\target\classes;C:\Users\Reinier van Leussen\.m2\repository\org\eclipse\persistence\eclipselink\2.5.0\eclipselink-2.5.0.jar;C:\Users\Reinier van Leussen\.m2\repository\org\eclipse\persistence\javax.persistence\2.1.0\javax.persistence-2.1.0.jar;C:\Users\Reinier van Leussen\.m2\repository\org\eclipse\persistence\commonj.sdo\2.1.1\commonj.sdo-2.1.1.jar;C:\Users\Reinier van Leussen\.m2\repository\org\hsqldb\hsqldb\2.4.1\hsqldb-2.4.1.jar;C:\Users\Reinier van Leussen\.m2\repository\se\skillytaire\service\wheater\klart\1.0.0\klart-1.0.0.jar;C:\Users\Reinier van Leussen\.m2\repository\org\jsoup\jsoup\1.11.3\jsoup-1.11.3.jar;C:\Users\Reinier van Leussen\.m2\repository\commons-io\commons-io\2.6\commons-io-2.6.jar;C:\Users\Reinier van Leussen\.m2\repository\se\skillytaire\service\wheater\api\1.0.0\api-1.0.0.jar;C:\Users\Reinier van Leussen\.m2\repository\javax\javaee-api\7.0\javaee-api-7.0.jar;C:\Users\Reinier van Leussen\.m2\repository\com\sun\mail\javax.mail\1.5.0\javax.mail-1.5.0.jar;C:\Users\Reinier van Leussen\.m2\repository\javax\activation\activation\1.1\activation-1.1.jar;C:\Users\Reinier van Leussen\.m2\repository\org\postgresql\postgresql\42.2.5\postgresql-42.2.5.jar;C:\Users\Reinier van Leussen\.m2\repository\org\slf4j\jcl-over-slf4j\1.7.26\jcl-over-slf4j-1.7.26.jar;C:\Users\Reinier van Leussen\.m2\repository\org\slf4j\slf4j-api\1.7.26\slf4j-api-1.7.26.jar;C:\Users\Reinier van Leussen\.m2\repository\org\slf4j\slf4j-log4j12\1.7.26\slf4j-log4j12-1.7.26.jar;C:\Users\Reinier van Leussen\.m2\repository\log4j\log4j\1.2.17\log4j-1.2.17.jar;C:\Users\Reinier van Leussen\.m2\repository\junit\junit\4.12\junit-4.12.jar;C:\Users\Reinier van Leussen\.m2\repository\org\hamcrest\hamcrest-core\1.3\hamcrest-core-1.3.jar;C:\Users\Reinier van Leussen\.m2\repository\se\skillytaire\course\tools\junit\jlc\1.4.5\jlc-1.4.5.jar;C:\Users\Reinier van Leussen\.m2\repository\org\apache\httpcomponents\httpclient\4.5.8\httpclient-4.5.8.jar;C:\Users\Reinier van Leussen\.m2\repository\org\apache\httpcomponents\httpcore\4.4.11\httpcore-4.4.11.jar;C:\Users\Reinier van Leussen\.m2\repository\commons-logging\commons-logging\1.2\commons-logging-1.2.jar;C:\Users\Reinier van Leussen\.m2\repository\commons-codec\commons-codec\1.11\commons-codec-1.11.jar;C:\Users\Reinier van Leussen\.m2\repository\com\googlecode\gwt-validation\gwt-validation\2.1\gwt-validation-2.1.jar;C:\Users\Reinier van Leussen\.m2\repository\javax\validation\validation-api\1.0.0.GA\validation-api-1.0.0.GA-sources.jar;C:\Users\Reinier van Leussen\.m2\repository\javax\validation\validation-api\1.0.0.GA\validation-api-1.0.0.GA.jar;C:\Users\Reinier van Leussen\.m2\repository\org\reflections\reflections\0.9.5\reflections-0.9.5.jar;C:\Users\Reinier van Leussen\.m2\repository\javassist\javassist\3.12.1.GA\javassist-3.12.1.GA.jar;C:\Users\Reinier van Leussen\.m2\repository\dom4j\dom4j\1.6.1\dom4j-1.6.1.jar;C:\Users\Reinier van Leussen\.m2\repository\xml-apis\xml-apis\1.0.b2\xml-apis-1.0.b2.jar;"/>
    <property name="sun.cpu.endian" value="little"/>
    <property name="user.home" value="C:\Users\Reinier van Leussen"/>
    <property name="user.language" value="nl"/>
    <property name="java.specification.vendor" value="Oracle Corporation"/>
    <property name="java.home" value="C:\Program Files\Java\jdk1.8.0_201\jre"/>
    <property name="basedir" value="C:\2019-03 Full Stack EE Developer Track\workspace\Java3\se.skillytaire.belastingdienst.ee.entity"/>
    <property name="file.separator" value="\"/>
    <property name="line.separator" value="&#10;"/>
    <property name="java.vm.specification.vendor" value="Oracle Corporation"/>
    <property name="java.specification.name" value="Java Platform API Specification"/>
    <property name="java.awt.graphicsenv" value="sun.awt.Win32GraphicsEnvironment"/>
    <property name="surefire.real.class.path" value="C:\Windows\Temp\surefire5615210314734920466\surefirebooter2771320424340371059.jar;C:\\Users\\Reinier van Leussen\\.m2\\repository\\org\\jacoco\\org.jacoco.agent\\0.8.3\\org.jacoco.agent-0.8.3-runtime.jar"/>
    <property name="sun.boot.class.path" value="C:\Program Files\Java\jdk1.8.0_201\jre\lib\resources.jar;C:\Program Files\Java\jdk1.8.0_201\jre\lib\rt.jar;C:\Program Files\Java\jdk1.8.0_201\jre\lib\sunrsasign.jar;C:\Program Files\Java\jdk1.8.0_201\jre\lib\jsse.jar;C:\Program Files\Java\jdk1.8.0_201\jre\lib\jce.jar;C:\Program Files\Java\jdk1.8.0_201\jre\lib\charsets.jar;C:\Program Files\Java\jdk1.8.0_201\jre\lib\jfr.jar;C:\Program Files\Java\jdk1.8.0_201\jre\classes"/>
    <property name="user.script" value=""/>
    <property name="sun.management.compiler" value="HotSpot 64-Bit Tiered Compilers"/>
    <property name="java.runtime.version" value="1.8.0_201-b09"/>
    <property name="user.name" value="Reinier van Leussen"/>
    <property name="path.separator" value=";"/>
    <property name="os.version" value="10.0"/>
    <property name="java.endorsed.dirs" value="C:\Program Files\Java\jdk1.8.0_201\jre\lib\endorsed"/>
    <property name="java.runtime.name" value="Java(TM) SE Runtime Environment"/>
    <property name="file.encoding" value="Cp1252"/>
    <property name="java.vm.name" value="Java HotSpot(TM) 64-Bit Server VM"/>
    <property name="localRepository" value="C:\Users\Reinier van Leussen\.m2\repository"/>
    <property name="java.vendor.url.bug" value="http://bugreport.sun.com/bugreport/"/>
    <property name="java.io.tmpdir" value="C:\WINDOWS\TEMP\"/>
    <property name="java.version" value="1.8.0_201"/>
    <property name="user.dir" value="C:\2019-03 Full Stack EE Developer Track\workspace\Java3\se.skillytaire.belastingdienst.ee.entity"/>
    <property name="os.arch" value="amd64"/>
    <property name="java.vm.specification.name" value="Java Virtual Machine Specification"/>
    <property name="java.awt.printerjob" value="sun.awt.windows.WPrinterJob"/>
    <property name="sun.os.patch.level" value=""/>
    <property name="java.library.path" value="C:\Program Files\Java\jdk1.8.0_201\jre\bin;C:\WINDOWS\Sun\Java\bin;C:\WINDOWS\system32;C:\WINDOWS;C:\Program Files\cmder\bin;C:\Program Files\cmder\vendor\bin;C:\Program Files\cmder\vendor\conemu-maximus5\ConEmu\Scripts;C:\Program Files\cmder\vendor\conemu-maximus5;C:\Program Files\cmder\vendor\conemu-maximus5\ConEmu;C:\WINDOWS\system32;C:\WINDOWS;C:\WINDOWS\System32\Wbem;C:\WINDOWS\System32\WindowsPowerShell\v1.0\;C:\WINDOWS\System32\OpenSSH\;C:\Program Files\Java\jdk1.8.0_201\bin;C:\Program Files\Git\cmd;C:\Program Files (x86)\Brackets\command;C:\Users\Reinier van Leussen\.cargo\bin;C:\Users\Reinier van Leussen\AppData\Local\Microsoft\WindowsApps;C:\Users\Reinier van Leussen\AppData\Local\Programs\Microsoft VS Code\bin;C:\Program Files (x86)\Apache\apache-maven-3.6.0\bin;C:\Program Files\cmder;C:\Program Files\Git\bin;C:\Program Files\Kotlin\kotlin-native-windows-1.1.2\bin;C:\Program Files\Gradle\gradle-5.3\bin;C:\Users\Reinier van Leussen\.cargo\bin;C:\Program Files\Git\cmd;C:\Program Files\Git\mingw64\bin;C:\Program Files\Git\usr\bin;C:\Program Files\cmder;."/>
    <property name="java.vm.info" value="mixed mode"/>
    <property name="java.vendor" value="Oracle Corporation"/>
    <property name="java.vm.version" value="25.201-b09"/>
    <property name="java.ext.dirs" value="C:\Program Files\Java\jdk1.8.0_201\jre\lib\ext;C:\WINDOWS\Sun\Java\lib\ext"/>
    <property name="sun.io.unicode.encoding" value="UnicodeLittle"/>
    <property name="java.class.version" value="52.0"/>
  </properties>
  <testcase name="getStreet" classname="se.skillytaire.belastingdienst.ee.entity.AdresTest" time="0.063"/>
  <testcase name="getStreet" classname="se.skillytaire.belastingdienst.ee.entity.AdresTest" time="0.015"/>
  <testcase name="getStreet" classname="se.skillytaire.belastingdienst.ee.entity.AdresTest" time="0"/>
  <testcase name="getStreet" classname="se.skillytaire.belastingdienst.ee.entity.AdresTest" time="0.015"/>
  <testcase name="getStreet" classname="se.skillytaire.belastingdienst.ee.entity.AdresTest" time="0"/>
  <testcase name="getStreet" classname="se.skillytaire.belastingdienst.ee.entity.AdresTest" time="0"/>
  <testcase name="getStreet" classname="se.skillytaire.belastingdienst.ee.entity.AdresTest" time="0.015"/>
  <testcase name="getStreet" classname="se.skillytaire.belastingdienst.ee.entity.AdresTest" time="0.016"/>
  <testcase name="setStreet" classname="se.skillytaire.belastingdienst.ee.entity.AdresTest" time="0.015"/>
  <testcase name="setStreet" classname="se.skillytaire.belastingdienst.ee.entity.AdresTest" time="0.016"/>
  <testcase name="setStreet" classname="se.skillytaire.belastingdienst.ee.entity.AdresTest" time="0.016"/>
  <testcase name="setStreet" classname="se.skillytaire.belastingdienst.ee.entity.AdresTest" time="0"/>
  <testcase name="setStreet" classname="se.skillytaire.belastingdienst.ee.entity.AdresTest" time="0.015"/>
  <testcase name="setStreet" classname="se.skillytaire.belastingdienst.ee.entity.AdresTest" time="0.016"/>
  <testcase name="setStreet" classname="se.skillytaire.belastingdienst.ee.entity.AdresTest" time="0"/>
  <testcase name="setStreet" classname="se.skillytaire.belastingdienst.ee.entity.AdresTest" time="0.031"/>
  <testcase name="getHouseNumber" classname="se.skillytaire.belastingdienst.ee.entity.AdresTest" time="0.016"/>
  <testcase name="getHouseNumber" classname="se.skillytaire.belastingdienst.ee.entity.AdresTest" time="0.015"/>
  <testcase name="getHouseNumber" classname="se.skillytaire.belastingdienst.ee.entity.AdresTest" time="0"/>
  <testcase name="getHouseNumber" classname="se.skillytaire.belastingdienst.ee.entity.AdresTest" time="0.016"/>
  <testcase name="getHouseNumber" classname="se.skillytaire.belastingdienst.ee.entity.AdresTest" time="0"/>
  <testcase name="getHouseNumber" classname="se.skillytaire.belastingdienst.ee.entity.AdresTest" time="0"/>
  <testcase name="getHouseNumber" classname="se.skillytaire.belastingdienst.ee.entity.AdresTest" time="0.016"/>
  <testcase name="getHouseNumber" classname="se.skillytaire.belastingdienst.ee.entity.AdresTest" time="0"/>
  <testcase name="setHouseNumber" classname="se.skillytaire.belastingdienst.ee.entity.AdresTest" time="0.015"/>
  <testcase name="setHouseNumber" classname="se.skillytaire.belastingdienst.ee.entity.AdresTest" time="0"/>
  <testcase name="setHouseNumber" classname="se.skillytaire.belastingdienst.ee.entity.AdresTest" time="0.015"/>
  <testcase name="setHouseNumber" classname="se.skillytaire.belastingdienst.ee.entity.AdresTest" time="0"/>
  <testcase name="setHouseNumber" classname="se.skillytaire.belastingdienst.ee.entity.AdresTest" time="0.016"/>
  <testcase name="setHouseNumber" classname="se.skillytaire.belastingdienst.ee.entity.AdresTest" time="0"/>
  <testcase name="setHouseNumber" classname="se.skillytaire.belastingdienst.ee.entity.AdresTest" time="0"/>
  <testcase name="setHouseNumber" classname="se.skillytaire.belastingdienst.ee.entity.AdresTest" time="0.031"/>
  <testcase name="getNumberSuffix" classname="se.skillytaire.belastingdienst.ee.entity.AdresTest" time="0"/>
  <testcase name="getNumberSuffix" classname="se.skillytaire.belastingdienst.ee.entity.AdresTest" time="0"/>
  <testcase name="getNumberSuffix" classname="se.skillytaire.belastingdienst.ee.entity.AdresTest" time="0"/>
  <testcase name="getNumberSuffix" classname="se.skillytaire.belastingdienst.ee.entity.AdresTest" time="0.016"/>
  <testcase name="getNumberSuffix" classname="se.skillytaire.belastingdienst.ee.entity.AdresTest" time="0"/>
  <testcase name="getNumberSuffix" classname="se.skillytaire.belastingdienst.ee.entity.AdresTest" time="0"/>
  <testcase name="getNumberSuffix" classname="se.skillytaire.belastingdienst.ee.entity.AdresTest" time="0"/>
  <testcase name="getNumberSuffix" classname="se.skillytaire.belastingdienst.ee.entity.AdresTest" time="0"/>
  <testcase name="setNumberSuffix" classname="se.skillytaire.belastingdienst.ee.entity.AdresTest" time="0"/>
  <testcase name="setNumberSuffix" classname="se.skillytaire.belastingdienst.ee.entity.AdresTest" time="0.016"/>
  <testcase name="setNumberSuffix" classname="se.skillytaire.belastingdienst.ee.entity.AdresTest" time="0"/>
  <testcase name="setNumberSuffix" classname="se.skillytaire.belastingdienst.ee.entity.AdresTest" time="0"/>
  <testcase name="setNumberSuffix" classname="se.skillytaire.belastingdienst.ee.entity.AdresTest" time="0"/>
  <testcase name="setNumberSuffix" classname="se.skillytaire.belastingdienst.ee.entity.AdresTest" time="0.015"/>
  <testcase name="setNumberSuffix" classname="se.skillytaire.belastingdienst.ee.entity.AdresTest" time="0"/>
  <testcase name="setNumberSuffix" classname="se.skillytaire.belastingdienst.ee.entity.AdresTest" time="0"/>
  <testcase name="getCity" classname="se.skillytaire.belastingdienst.ee.entity.AdresTest" time="0.016"/>
  <testcase name="getCity" classname="se.skillytaire.belastingdienst.ee.entity.AdresTest" time="0"/>
  <testcase name="getCity" classname="se.skillytaire.belastingdienst.ee.entity.AdresTest" time="0.016"/>
  <testcase name="getCity" classname="se.skillytaire.belastingdienst.ee.entity.AdresTest" time="0"/>
  <testcase name="getCity" classname="se.skillytaire.belastingdienst.ee.entity.AdresTest" time="0.016"/>
  <testcase name="getCity" classname="se.skillytaire.belastingdienst.ee.entity.AdresTest" time="0"/>
  <testcase name="getCity" classname="se.skillytaire.belastingdienst.ee.entity.AdresTest" time="0.016"/>
  <testcase name="getCity" classname="se.skillytaire.belastingdienst.ee.entity.AdresTest" time="0"/>
  <testcase name="setCity" classname="se.skillytaire.belastingdienst.ee.entity.AdresTest" time="0.016"/>
  <testcase name="setCity" classname="se.skillytaire.belastingdienst.ee.entity.AdresTest" time="0.016"/>
  <testcase name="setCity" classname="se.skillytaire.belastingdienst.ee.entity.AdresTest" time="0"/>
  <testcase name="setCity" classname="se.skillytaire.belastingdienst.ee.entity.AdresTest" time="0.015"/>
  <testcase name="setCity" classname="se.skillytaire.belastingdienst.ee.entity.AdresTest" time="0"/>
  <testcase name="setCity" classname="se.skillytaire.belastingdienst.ee.entity.AdresTest" time="0"/>
  <testcase name="setCity" classname="se.skillytaire.belastingdienst.ee.entity.AdresTest" time="0.016"/>
  <testcase name="setCity" classname="se.skillytaire.belastingdienst.ee.entity.AdresTest" time="0"/>
  <testcase name="getState" classname="se.skillytaire.belastingdienst.ee.entity.AdresTest" time="0"/>
  <testcase name="getState" classname="se.skillytaire.belastingdienst.ee.entity.AdresTest" time="0"/>
  <testcase name="getState" classname="se.skillytaire.belastingdienst.ee.entity.AdresTest" time="0"/>
  <testcase name="getState" classname="se.skillytaire.belastingdienst.ee.entity.AdresTest" time="0"/>
  <testcase name="getState" classname="se.skillytaire.belastingdienst.ee.entity.AdresTest" time="0.015"/>
  <testcase name="getState" classname="se.skillytaire.belastingdienst.ee.entity.AdresTest" time="0.016"/>
  <testcase name="getState" classname="se.skillytaire.belastingdienst.ee.entity.AdresTest" time="0.062"/>
  <testcase name="getState" classname="se.skillytaire.belastingdienst.ee.entity.AdresTest" time="0.016"/>
  <testcase name="setState" classname="se.skillytaire.belastingdienst.ee.entity.AdresTest" time="0.015"/>
  <testcase name="setState" classname="se.skillytaire.belastingdienst.ee.entity.AdresTest" time="0.015"/>
  <testcase name="setState" classname="se.skillytaire.belastingdienst.ee.entity.AdresTest" time="0"/>
  <testcase name="setState" classname="se.skillytaire.belastingdienst.ee.entity.AdresTest" time="0"/>
  <testcase name="setState" classname="se.skillytaire.belastingdienst.ee.entity.AdresTest" time="0"/>
  <testcase name="setState" classname="se.skillytaire.belastingdienst.ee.entity.AdresTest" time="0.016"/>
  <testcase name="setState" classname="se.skillytaire.belastingdienst.ee.entity.AdresTest" time="0.016"/>
  <testcase name="setState" classname="se.skillytaire.belastingdienst.ee.entity.AdresTest" time="0"/>
  <testcase name="getPostalCode" classname="se.skillytaire.belastingdienst.ee.entity.AdresTest" time="0.016"/>
  <testcase name="getPostalCode" classname="se.skillytaire.belastingdienst.ee.entity.AdresTest" time="0"/>
  <testcase name="getPostalCode" classname="se.skillytaire.belastingdienst.ee.entity.AdresTest" time="0"/>
  <testcase name="getPostalCode" classname="se.skillytaire.belastingdienst.ee.entity.AdresTest" time="0.016"/>
  <testcase name="getPostalCode" classname="se.skillytaire.belastingdienst.ee.entity.AdresTest" time="0"/>
  <testcase name="getPostalCode" classname="se.skillytaire.belastingdienst.ee.entity.AdresTest" time="0.015"/>
  <testcase name="getPostalCode" classname="se.skillytaire.belastingdienst.ee.entity.AdresTest" time="0"/>
  <testcase name="getPostalCode" classname="se.skillytaire.belastingdienst.ee.entity.AdresTest" time="0"/>
  <testcase name="setPostalCode" classname="se.skillytaire.belastingdienst.ee.entity.AdresTest" time="0"/>
  <testcase name="setPostalCode" classname="se.skillytaire.belastingdienst.ee.entity.AdresTest" time="0.016"/>
  <testcase name="setPostalCode" classname="se.skillytaire.belastingdienst.ee.entity.AdresTest" time="0.015"/>
  <testcase name="setPostalCode" classname="se.skillytaire.belastingdienst.ee.entity.AdresTest" time="0"/>
  <testcase name="setPostalCode" classname="se.skillytaire.belastingdienst.ee.entity.AdresTest" time="0.016"/>
  <testcase name="setPostalCode" classname="se.skillytaire.belastingdienst.ee.entity.AdresTest" time="0"/>
  <testcase name="setPostalCode" classname="se.skillytaire.belastingdienst.ee.entity.AdresTest" time="0.078"/>
  <testcase name="setPostalCode" classname="se.skillytaire.belastingdienst.ee.entity.AdresTest" time="0"/>
  <testcase name="getCountry" classname="se.skillytaire.belastingdienst.ee.entity.AdresTest" time="0"/>
  <testcase name="getCountry" classname="se.skillytaire.belastingdienst.ee.entity.AdresTest" time="0"/>
  <testcase name="getCountry" classname="se.skillytaire.belastingdienst.ee.entity.AdresTest" time="0"/>
  <testcase name="getCountry" classname="se.skillytaire.belastingdienst.ee.entity.AdresTest" time="0"/>
  <testcase name="getCountry" classname="se.skillytaire.belastingdienst.ee.entity.AdresTest" time="0"/>
  <testcase name="getCountry" classname="se.skillytaire.belastingdienst.ee.entity.AdresTest" time="0.016"/>
  <testcase name="getCountry" classname="se.skillytaire.belastingdienst.ee.entity.AdresTest" time="0.031"/>
  <testcase name="getCountry" classname="se.skillytaire.belastingdienst.ee.entity.AdresTest" time="0"/>
  <testcase name="setCountry" classname="se.skillytaire.belastingdienst.ee.entity.AdresTest" time="0.016"/>
  <testcase name="setCountry" classname="se.skillytaire.belastingdienst.ee.entity.AdresTest" time="0"/>
  <testcase name="setCountry" classname="se.skillytaire.belastingdienst.ee.entity.AdresTest" time="0.015"/>
  <testcase name="setCountry" classname="se.skillytaire.belastingdienst.ee.entity.AdresTest" time="0.016"/>
  <testcase name="setCountry" classname="se.skillytaire.belastingdienst.ee.entity.AdresTest" time="0"/>
  <testcase name="setCountry" classname="se.skillytaire.belastingdienst.ee.entity.AdresTest" time="0"/>
  <testcase name="setCountry" classname="se.skillytaire.belastingdienst.ee.entity.AdresTest" time="0.031"/>
  <testcase name="setCountry" classname="se.skillytaire.belastingdienst.ee.entity.AdresTest" time="0.015"/>
  <testcase name="getGpsCoordinaat" classname="se.skillytaire.belastingdienst.ee.entity.AdresTest" time="0"/>
  <testcase name="getGpsCoordinaat" classname="se.skillytaire.belastingdienst.ee.entity.AdresTest" time="0"/>
  <testcase name="getGpsCoordinaat" classname="se.skillytaire.belastingdienst.ee.entity.AdresTest" time="0.016"/>
  <testcase name="getGpsCoordinaat" classname="se.skillytaire.belastingdienst.ee.entity.AdresTest" time="0"/>
  <testcase name="getGpsCoordinaat" classname="se.skillytaire.belastingdienst.ee.entity.AdresTest" time="0.015"/>
  <testcase name="getGpsCoordinaat" classname="se.skillytaire.belastingdienst.ee.entity.AdresTest" time="0"/>
  <testcase name="getGpsCoordinaat" classname="se.skillytaire.belastingdienst.ee.entity.AdresTest" time="0"/>
  <testcase name="getGpsCoordinaat" classname="se.skillytaire.belastingdienst.ee.entity.AdresTest" time="0"/>
  <testcase name="getOid" classname="se.skillytaire.belastingdienst.ee.entity.AdresTest" time="0"/>
  <testcase name="getOid" classname="se.skillytaire.belastingdienst.ee.entity.AdresTest" time="0"/>
  <testcase name="getOid" classname="se.skillytaire.belastingdienst.ee.entity.AdresTest" time="0"/>
  <testcase name="getOid" classname="se.skillytaire.belastingdienst.ee.entity.AdresTest" time="0"/>
  <testcase name="getOid" classname="se.skillytaire.belastingdienst.ee.entity.AdresTest" time="0"/>
  <testcase name="getOid" classname="se.skillytaire.belastingdienst.ee.entity.AdresTest" time="0.015"/>
  <testcase name="getOid" classname="se.skillytaire.belastingdienst.ee.entity.AdresTest" time="0"/>
  <testcase name="getOid" classname="se.skillytaire.belastingdienst.ee.entity.AdresTest" time="0"/>
  <testcase name="reflective" classname="se.skillytaire.belastingdienst.ee.entity.AdresTest" time="0"/>
  <testcase name="reflective" classname="se.skillytaire.belastingdienst.ee.entity.AdresTest" time="0"/>
  <testcase name="reflective" classname="se.skillytaire.belastingdienst.ee.entity.AdresTest" time="0"/>
  <testcase name="reflective" classname="se.skillytaire.belastingdienst.ee.entity.AdresTest" time="0"/>
  <testcase name="symmetric" classname="se.skillytaire.belastingdienst.ee.entity.AdresTest" time="0"/>
  <testcase name="symmetric" classname="se.skillytaire.belastingdienst.ee.entity.AdresTest" time="0.015"/>
  <testcase name="symmetric" classname="se.skillytaire.belastingdienst.ee.entity.AdresTest" time="0"/>
  <testcase name="symmetric" classname="se.skillytaire.belastingdienst.ee.entity.AdresTest" time="0"/>
  <testcase name="notSymmetric" classname="se.skillytaire.belastingdienst.ee.entity.AdresTest" time="0.015"/>
  <testcase name="notSymmetric" classname="se.skillytaire.belastingdienst.ee.entity.AdresTest" time="0"/>
  <testcase name="notSymmetric" classname="se.skillytaire.belastingdienst.ee.entity.AdresTest" time="0"/>
  <testcase name="notSymmetric" classname="se.skillytaire.belastingdienst.ee.entity.AdresTest" time="0.016"/>
  <testcase name="transitive" classname="se.skillytaire.belastingdienst.ee.entity.AdresTest" time="0.016"/>
  <testcase name="transitive" classname="se.skillytaire.belastingdienst.ee.entity.AdresTest" time="0.016"/>
  <testcase name="transitive" classname="se.skillytaire.belastingdienst.ee.entity.AdresTest" time="0.032"/>
  <testcase name="transitive" classname="se.skillytaire.belastingdienst.ee.entity.AdresTest" time="0"/>
  <testcase name="same" classname="se.skillytaire.belastingdienst.ee.entity.AdresTest" time="0.015"/>
  <testcase name="same" classname="se.skillytaire.belastingdienst.ee.entity.AdresTest" time="0"/>
  <testcase name="same" classname="se.skillytaire.belastingdienst.ee.entity.AdresTest" time="0"/>
  <testcase name="same" classname="se.skillytaire.belastingdienst.ee.entity.AdresTest" time="0.016"/>
  <testcase name="notSame" classname="se.skillytaire.belastingdienst.ee.entity.AdresTest" time="0"/>
  <testcase name="notSame" classname="se.skillytaire.belastingdienst.ee.entity.AdresTest" time="0.015"/>
  <testcase name="notSame" classname="se.skillytaire.belastingdienst.ee.entity.AdresTest" time="0.015"/>
  <testcase name="notSame" classname="se.skillytaire.belastingdienst.ee.entity.AdresTest" time="0"/>
  <testcase name="nullable" classname="se.skillytaire.belastingdienst.ee.entity.AdresTest" time="0"/>
  <testcase name="nullable" classname="se.skillytaire.belastingdienst.ee.entity.AdresTest" time="0"/>
  <testcase name="nullable" classname="se.skillytaire.belastingdienst.ee.entity.AdresTest" time="0"/>
  <testcase name="nullable" classname="se.skillytaire.belastingdienst.ee.entity.AdresTest" time="0"/>
  <testcase name="otherType" classname="se.skillytaire.belastingdienst.ee.entity.AdresTest" time="0"/>
  <testcase name="otherType" classname="se.skillytaire.belastingdienst.ee.entity.AdresTest" time="0"/>
  <testcase name="otherType" classname="se.skillytaire.belastingdienst.ee.entity.AdresTest" time="0"/>
  <testcase name="otherType" classname="se.skillytaire.belastingdienst.ee.entity.AdresTest" time="0"/>
  <testcase name="overrideHashCode" classname="se.skillytaire.belastingdienst.ee.entity.AdresTest" time="0.016"/>
  <testcase name="overrideHashCode" classname="se.skillytaire.belastingdienst.ee.entity.AdresTest" time="0"/>
  <testcase name="overrideHashCode" classname="se.skillytaire.belastingdienst.ee.entity.AdresTest" time="0"/>
  <testcase name="overrideHashCode" classname="se.skillytaire.belastingdienst.ee.entity.AdresTest" time="0"/>
  <testcase name="overrideToString" classname="se.skillytaire.belastingdienst.ee.entity.AdresTest" time="0"/>
  <testcase name="overrideToString" classname="se.skillytaire.belastingdienst.ee.entity.AdresTest" time="0"/>
  <testcase name="overrideToString" classname="se.skillytaire.belastingdienst.ee.entity.AdresTest" time="0"/>
  <testcase name="overrideToString" classname="se.skillytaire.belastingdienst.ee.entity.AdresTest" time="0"/>
  <testcase name="hashCodeEqualsContract" classname="se.skillytaire.belastingdienst.ee.entity.AdresTest" time="0"/>
  <testcase name="hashCodeEqualsContract" classname="se.skillytaire.belastingdienst.ee.entity.AdresTest" time="0.016"/>
  <testcase name="hashCodeEqualsContract" classname="se.skillytaire.belastingdienst.ee.entity.AdresTest" time="0.016"/>
  <testcase name="hashCodeEqualsContract" classname="se.skillytaire.belastingdienst.ee.entity.AdresTest" time="0.015"/>
  <testcase name="equalsCompareToContractSame" classname="se.skillytaire.belastingdienst.ee.entity.AdresTest" time="0"/>
  <testcase name="equalsCompareToContractSame" classname="se.skillytaire.belastingdienst.ee.entity.AdresTest" time="0"/>
  <testcase name="equalsCompareToContractSame" classname="se.skillytaire.belastingdienst.ee.entity.AdresTest" time="0"/>
  <testcase name="equalsCompareToContractSame" classname="se.skillytaire.belastingdienst.ee.entity.AdresTest" time="0"/>
  <testcase name="equalsCompareToContractNotSame" classname="se.skillytaire.belastingdienst.ee.entity.AdresTest" time="0"/>
  <testcase name="equalsCompareToContractNotSame" classname="se.skillytaire.belastingdienst.ee.entity.AdresTest" time="0"/>
  <testcase name="equalsCompareToContractNotSame" classname="se.skillytaire.belastingdienst.ee.entity.AdresTest" time="0"/>
  <testcase name="equalsCompareToContractNotSame" classname="se.skillytaire.belastingdienst.ee.entity.AdresTest" time="0"/>
  <testcase name="compareToNull" classname="se.skillytaire.belastingdienst.ee.entity.AdresTest" time="0"/>
  <testcase name="compareToNull" classname="se.skillytaire.belastingdienst.ee.entity.AdresTest" time="0"/>
  <testcase name="compareToNull" classname="se.skillytaire.belastingdienst.ee.entity.AdresTest" time="0"/>
  <testcase name="compareToNull" classname="se.skillytaire.belastingdienst.ee.entity.AdresTest" time="0"/>
  <testcase name="compareToSameReference" classname="se.skillytaire.belastingdienst.ee.entity.AdresTest" time="0.015"/>
  <testcase name="compareToSameReference" classname="se.skillytaire.belastingdienst.ee.entity.AdresTest" time="0"/>
  <testcase name="compareToSameReference" classname="se.skillytaire.belastingdienst.ee.entity.AdresTest" time="0"/>
  <testcase name="compareToSameReference" classname="se.skillytaire.belastingdienst.ee.entity.AdresTest" time="0"/>
  <testcase name="compareToSame" classname="se.skillytaire.belastingdienst.ee.entity.AdresTest" time="0"/>
  <testcase name="compareToSame" classname="se.skillytaire.belastingdienst.ee.entity.AdresTest" time="0"/>
  <testcase name="compareToSame" classname="se.skillytaire.belastingdienst.ee.entity.AdresTest" time="0"/>
  <testcase name="compareToSame" classname="se.skillytaire.belastingdienst.ee.entity.AdresTest" time="0"/>
  <testcase name="compareToSame" classname="se.skillytaire.belastingdienst.ee.entity.AdresTest" time="0"/>
  <testcase name="compareToSame" classname="se.skillytaire.belastingdienst.ee.entity.AdresTest" time="0.016"/>
  <testcase name="compareToSame" classname="se.skillytaire.belastingdienst.ee.entity.AdresTest" time="0"/>
  <testcase name="compareToSame" classname="se.skillytaire.belastingdienst.ee.entity.AdresTest" time="0"/>
  <testcase name="compareToNotSame" classname="se.skillytaire.belastingdienst.ee.entity.AdresTest" time="0"/>
  <testcase name="compareToNotSame" classname="se.skillytaire.belastingdienst.ee.entity.AdresTest" time="0"/>
  <testcase name="compareToNotSame" classname="se.skillytaire.belastingdienst.ee.entity.AdresTest" time="0"/>
  <testcase name="compareToNotSame" classname="se.skillytaire.belastingdienst.ee.entity.AdresTest" time="0"/>
  <testcase name="compareToNotSameSymmetric" classname="se.skillytaire.belastingdienst.ee.entity.AdresTest" time="0.016"/>
  <testcase name="compareToNotSameSymmetric" classname="se.skillytaire.belastingdienst.ee.entity.AdresTest" time="0.031"/>
  <testcase name="compareToNotSameSymmetric" classname="se.skillytaire.belastingdienst.ee.entity.AdresTest" time="0"/>
  <testcase name="compareToNotSameSymmetric" classname="se.skillytaire.belastingdienst.ee.entity.AdresTest" time="0"/>
  <testcase name="compareGreater" classname="se.skillytaire.belastingdienst.ee.entity.AdresTest" time="0"/>
  <testcase name="compareGreater" classname="se.skillytaire.belastingdienst.ee.entity.AdresTest" time="0"/>
  <testcase name="compareGreater" classname="se.skillytaire.belastingdienst.ee.entity.AdresTest" time="0.031"/>
  <testcase name="compareGreater" classname="se.skillytaire.belastingdienst.ee.entity.AdresTest" time="0.016"/>
  <testcase name="compareLess" classname="se.skillytaire.belastingdienst.ee.entity.AdresTest" time="0"/>
  <testcase name="compareLess" classname="se.skillytaire.belastingdienst.ee.entity.AdresTest" time="0"/>
  <testcase name="compareLess" classname="se.skillytaire.belastingdienst.ee.entity.AdresTest" time="0"/>
  <testcase name="compareLess" classname="se.skillytaire.belastingdienst.ee.entity.AdresTest" time="0"/>
  <testcase name="serializable" classname="se.skillytaire.belastingdienst.ee.entity.AdresTest" time="0.015"/>
  <testcase name="serialVersionUID" classname="se.skillytaire.belastingdienst.ee.entity.AdresTest" time="0"/>
  <testcase name="gpsCoordinaat equality" classname="se.skillytaire.belastingdienst.ee.entity.AdresTest" time="0.016"/>
  <testcase name="gpsCoordinaat equality" classname="se.skillytaire.belastingdienst.ee.entity.AdresTest" time="0"/>
  <testcase name="gpsCoordinaat equality" classname="se.skillytaire.belastingdienst.ee.entity.AdresTest" time="0"/>
  <testcase name="gpsCoordinaat equality" classname="se.skillytaire.belastingdienst.ee.entity.AdresTest" time="0"/>
  <testcase name="gpsCoordinaat equality" classname="se.skillytaire.belastingdienst.ee.entity.AdresTest" time="0"/>
  <testcase name="gpsCoordinaat equality" classname="se.skillytaire.belastingdienst.ee.entity.AdresTest" time="0"/>
  <testcase name="serialVersionUID equality" classname="se.skillytaire.belastingdienst.ee.entity.AdresTest" time="0"/>
  <testcase name="serialVersionUID equality" classname="se.skillytaire.belastingdienst.ee.entity.AdresTest" time="0"/>
  <testcase name="serialVersionUID equality" classname="se.skillytaire.belastingdienst.ee.entity.AdresTest" time="0"/>
  <testcase name="serialVersionUID equality" classname="se.skillytaire.belastingdienst.ee.entity.AdresTest" time="0"/>
  <testcase name="serialVersionUID equality" classname="se.skillytaire.belastingdienst.ee.entity.AdresTest" time="0"/>
  <testcase name="serialVersionUID equality" classname="se.skillytaire.belastingdienst.ee.entity.AdresTest" time="0"/>
  <testcase name="serialVersionUID equality" classname="se.skillytaire.belastingdienst.ee.entity.AdresTest" time="0"/>
  <testcase name="serialVersionUID equality" classname="se.skillytaire.belastingdienst.ee.entity.AdresTest" time="0"/>
  <testcase name="serialVersionUID equality" classname="se.skillytaire.belastingdienst.ee.entity.AdresTest" time="0"/>
  <testcase name="$jacocoData equality" classname="se.skillytaire.belastingdienst.ee.entity.AdresTest" time="0"/>
  <testcase name="$jacocoData equality" classname="se.skillytaire.belastingdienst.ee.entity.AdresTest" time="0"/>
  <testcase name="$jacocoData equality" classname="se.skillytaire.belastingdienst.ee.entity.AdresTest" time="0"/>
  <testcase name="$jacocoData equality" classname="se.skillytaire.belastingdienst.ee.entity.AdresTest" time="0"/>
  <testcase name="$jacocoData equality" classname="se.skillytaire.belastingdienst.ee.entity.AdresTest" time="0"/>
  <testcase name="$jacocoData equality" classname="se.skillytaire.belastingdienst.ee.entity.AdresTest" time="0"/>
  <testcase name="$jacocoData equality" classname="se.skillytaire.belastingdienst.ee.entity.AdresTest" time="0"/>
  <testcase name="$jacocoData equality" classname="se.skillytaire.belastingdienst.ee.entity.AdresTest" time="0"/>
  <testcase name="$jacocoData equality" classname="se.skillytaire.belastingdienst.ee.entity.AdresTest" time="0"/>
  <testcase name="$jacocoData equality" classname="se.skillytaire.belastingdienst.ee.entity.AdresTest" time="0"/>
  <testcase name="$jacocoData equality" classname="se.skillytaire.belastingdienst.ee.entity.AdresTest" time="0"/>
  <testcase name="$jacocoData equality" classname="se.skillytaire.belastingdienst.ee.entity.AdresTest" time="0"/>
  <testcase name="$jacocoData equality" classname="se.skillytaire.belastingdienst.ee.entity.AdresTest" time="0"/>
  <testcase name="$jacocoData equality" classname="se.skillytaire.belastingdienst.ee.entity.AdresTest" time="0"/>
  <testcase name="$jacocoData equality" classname="se.skillytaire.belastingdienst.ee.entity.AdresTest" time="0"/>
  <testcase name="$jacocoData equality" classname="se.skillytaire.belastingdienst.ee.entity.AdresTest" time="0"/>
  <testcase name="$jacocoData equality" classname="se.skillytaire.belastingdienst.ee.entity.AdresTest" time="0"/>
  <testcase name="$jacocoData equality" classname="se.skillytaire.belastingdienst.ee.entity.AdresTest" time="0"/>
  <testcase name="HASH_PRIME equality" classname="se.skillytaire.belastingdienst.ee.entity.AdresTest" time="0"/>
  <testcase name="HASH_PRIME equality" classname="se.skillytaire.belastingdienst.ee.entity.AdresTest" time="0"/>
  <testcase name="HASH_PRIME equality" classname="se.skillytaire.belastingdienst.ee.entity.AdresTest" time="0"/>
  <testcase name="street equality" classname="se.skillytaire.belastingdienst.ee.entity.AdresTest" time="0"/>
  <testcase name="street equality" classname="se.skillytaire.belastingdienst.ee.entity.AdresTest" time="0"/>
  <testcase name="street equality" classname="se.skillytaire.belastingdienst.ee.entity.AdresTest" time="0"/>
  <testcase name="street equality" classname="se.skillytaire.belastingdienst.ee.entity.AdresTest" time="0"/>
  <testcase name="street equality" classname="se.skillytaire.belastingdienst.ee.entity.AdresTest" time="0"/>
  <testcase name="street equality" classname="se.skillytaire.belastingdienst.ee.entity.AdresTest" time="0"/>
  <testcase name="houseNumber equality" classname="se.skillytaire.belastingdienst.ee.entity.AdresTest" time="0"/>
  <testcase name="houseNumber equality" classname="se.skillytaire.belastingdienst.ee.entity.AdresTest" time="0"/>
  <testcase name="houseNumber equality" classname="se.skillytaire.belastingdienst.ee.entity.AdresTest" time="0"/>
  <testcase name="houseNumber equality" classname="se.skillytaire.belastingdienst.ee.entity.AdresTest" time="0"/>
  <testcase name="houseNumber equality" classname="se.skillytaire.belastingdienst.ee.entity.AdresTest" time="0"/>
  <testcase name="houseNumber equality" classname="se.skillytaire.belastingdienst.ee.entity.AdresTest" time="0"/>
  <testcase name="numberSuffix equality" classname="se.skillytaire.belastingdienst.ee.entity.AdresTest" time="0"/>
  <testcase name="numberSuffix equality" classname="se.skillytaire.belastingdienst.ee.entity.AdresTest" time="0"/>
  <testcase name="numberSuffix equality" classname="se.skillytaire.belastingdienst.ee.entity.AdresTest" time="0"/>
  <testcase name="numberSuffix equality" classname="se.skillytaire.belastingdienst.ee.entity.AdresTest" time="0"/>
  <testcase name="numberSuffix equality" classname="se.skillytaire.belastingdienst.ee.entity.AdresTest" time="0"/>
  <testcase name="numberSuffix equality" classname="se.skillytaire.belastingdienst.ee.entity.AdresTest" time="0"/>
  <testcase name="city equality" classname="se.skillytaire.belastingdienst.ee.entity.AdresTest" time="0"/>
  <testcase name="city equality" classname="se.skillytaire.belastingdienst.ee.entity.AdresTest" time="0"/>
  <testcase name="city equality" classname="se.skillytaire.belastingdienst.ee.entity.AdresTest" time="0"/>
  <testcase name="city equality" classname="se.skillytaire.belastingdienst.ee.entity.AdresTest" time="0"/>
  <testcase name="city equality" classname="se.skillytaire.belastingdienst.ee.entity.AdresTest" time="0"/>
  <testcase name="city equality" classname="se.skillytaire.belastingdienst.ee.entity.AdresTest" time="0"/>
  <testcase name="state equality" classname="se.skillytaire.belastingdienst.ee.entity.AdresTest" time="0"/>
  <testcase name="state equality" classname="se.skillytaire.belastingdienst.ee.entity.AdresTest" time="0"/>
  <testcase name="state equality" classname="se.skillytaire.belastingdienst.ee.entity.AdresTest" time="0"/>
  <testcase name="state equality" classname="se.skillytaire.belastingdienst.ee.entity.AdresTest" time="0"/>
  <testcase name="state equality" classname="se.skillytaire.belastingdienst.ee.entity.AdresTest" time="0"/>
  <testcase name="state equality" classname="se.skillytaire.belastingdienst.ee.entity.AdresTest" time="0"/>
  <testcase name="postalCode equality" classname="se.skillytaire.belastingdienst.ee.entity.AdresTest" time="0"/>
  <testcase name="postalCode equality" classname="se.skillytaire.belastingdienst.ee.entity.AdresTest" time="0"/>
  <testcase name="postalCode equality" classname="se.skillytaire.belastingdienst.ee.entity.AdresTest" time="0"/>
  <testcase name="postalCode equality" classname="se.skillytaire.belastingdienst.ee.entity.AdresTest" time="0"/>
  <testcase name="postalCode equality" classname="se.skillytaire.belastingdienst.ee.entity.AdresTest" time="0"/>
  <testcase name="postalCode equality" classname="se.skillytaire.belastingdienst.ee.entity.AdresTest" time="0"/>
  <testcase name="country equality" classname="se.skillytaire.belastingdienst.ee.entity.AdresTest" time="0"/>
  <testcase name="country equality" classname="se.skillytaire.belastingdienst.ee.entity.AdresTest" time="0.016"/>
  <testcase name="country equality" classname="se.skillytaire.belastingdienst.ee.entity.AdresTest" time="0"/>
  <testcase name="country equality" classname="se.skillytaire.belastingdienst.ee.entity.AdresTest" time="0"/>
  <testcase name="country equality" classname="se.skillytaire.belastingdienst.ee.entity.AdresTest" time="0"/>
  <testcase name="country equality" classname="se.skillytaire.belastingdienst.ee.entity.AdresTest" time="0"/>
  <testcase name="oid equality" classname="se.skillytaire.belastingdienst.ee.entity.AdresTest" time="0"/>
  <testcase name="oid equality" classname="se.skillytaire.belastingdienst.ee.entity.AdresTest" time="0"/>
  <testcase name="oid equality" classname="se.skillytaire.belastingdienst.ee.entity.AdresTest" time="0"/>
  <testcase name="oid equality" classname="se.skillytaire.belastingdienst.ee.entity.AdresTest" time="0"/>
  <testcase name="oid equality" classname="se.skillytaire.belastingdienst.ee.entity.AdresTest" time="0"/>
  <testcase name="oid equality" classname="se.skillytaire.belastingdienst.ee.entity.AdresTest" time="0"/>
  <testcase name="overrideClone" classname="se.skillytaire.belastingdienst.ee.entity.AdresTest" time="0"/>
  <testcase name="copyConstructor" classname="se.skillytaire.belastingdienst.ee.entity.AdresTest" time="0"/>
  <testcase name="noArgsConstructor" classname="se.skillytaire.belastingdienst.ee.entity.AdresTest" time="0"/>
  <testcase name="Implements-Serializable" classname="se.skillytaire.belastingdienst.ee.entity.AdresTest" time="0.015"/>
  <testcase name="noArgumentConstructorValidation" classname="se.skillytaire.belastingdienst.ee.entity.AdresTest" time="0.297"/>
  <testcase name="multiplePublicConstructors" classname="se.skillytaire.belastingdienst.ee.entity.AdresTest" time="0"/>
  <testcase name="Field must have an @Id" classname="se.skillytaire.belastingdienst.ee.entity.AdresTest" time="0"/>
  <testcase name="isPersistant should return true, @ID field has been set" classname="se.skillytaire.belastingdienst.ee.entity.AdresTest" time="0.032"/>
  <testcase name="isPersistant should return false, @ID field has not been set" classname="se.skillytaire.belastingdienst.ee.entity.AdresTest" time="0"/>
  <testcase name="The same persistent entity is identical" classname="se.skillytaire.belastingdienst.ee.entity.AdresTest" time="0.015"/>
  <testcase name="A non persistent entity versus a null reference is not identical" classname="se.skillytaire.belastingdienst.ee.entity.AdresTest" time="0.016"/>
  <testcase name="A persistent entity versus non persistant object is not identical" classname="se.skillytaire.belastingdienst.ee.entity.AdresTest" time="0"/>
  <testcase name="A non persistent entity versus a persistant object is not identical" classname="se.skillytaire.belastingdienst.ee.entity.AdresTest" time="0.015"/>
  <testcase name="A non persistent entity versus non persistant object is not identical" classname="se.skillytaire.belastingdienst.ee.entity.AdresTest" time="0"/>
  <testcase name="Differened oids" classname="se.skillytaire.belastingdienst.ee.entity.AdresTest" time="0"/>
  <testcase name="A persistent entity versus a null reference is not identical" classname="se.skillytaire.belastingdienst.ee.entity.AdresTest" time="0.016"/>
  <testcase name="Constructor Null check" classname="se.skillytaire.belastingdienst.ee.entity.AdresTest" time="0.016"/>
  <testcase name="testPersistence" classname="se.skillytaire.belastingdienst.ee.entity.AdresTest" time="9.182">
    <error type="java.lang.NullPointerException">java.lang.NullPointerException
	at se.skillytaire.belastingdienst.ee.entity.AdresTest.testPersistence(AdresTest.java:37)
</error>
    <system-out><![CDATA[[EL Config]: metadata: 2019-04-30 15:13:14.962--ServerSession(170278393)--Thread(Thread[main,5,main])--The access type for the persistent class [class se.skillytaire.belastingdienst.ee.entity.AbstractEntity] is set to [FIELD].
[EL Config]: metadata: 2019-04-30 15:13:15.04--ServerSession(170278393)--Thread(Thread[main,5,main])--The access type for the persistent class [class se.skillytaire.belastingdienst.ee.entity.Adres] is set to [FIELD].
[EL Config]: metadata: 2019-04-30 15:13:15.056--ServerSession(170278393)--Thread(Thread[main,5,main])--The access type for the persistent class [class se.skillytaire.belastingdienst.ee.entity.GPSCoordinaat] is set to [FIELD].
[EL Config]: metadata: 2019-04-30 15:13:15.103--ServerSession(170278393)--Thread(Thread[main,5,main])--The column name for element [oid] is being defaulted to: OID.
[EL Config]: metadata: 2019-04-30 15:13:15.103--ServerSession(170278393)--Thread(Thread[main,5,main])--The alias name for the entity class [class se.skillytaire.belastingdienst.ee.entity.Adres] is being defaulted to: Adres.
[EL Config]: metadata: 2019-04-30 15:13:15.103--ServerSession(170278393)--Thread(Thread[main,5,main])--The table name for entity [class se.skillytaire.belastingdienst.ee.entity.Adres] is being defaulted to: ADRES.
[EL Config]: metadata: 2019-04-30 15:13:15.181--ServerSession(170278393)--Thread(Thread[main,5,main])--The column name for element [country] is being defaulted to: COUNTRY.
[EL Config]: metadata: 2019-04-30 15:13:15.181--ServerSession(170278393)--Thread(Thread[main,5,main])--The column name for element [city] is being defaulted to: CITY.
[EL Config]: metadata: 2019-04-30 15:13:15.181--ServerSession(170278393)--Thread(Thread[main,5,main])--The column name for element [street] is being defaulted to: STREET.
[EL Config]: metadata: 2019-04-30 15:13:15.181--ServerSession(170278393)--Thread(Thread[main,5,main])--The column name for element [postalCode] is being defaulted to: POSTALCODE.
[EL Config]: metadata: 2019-04-30 15:13:15.181--ServerSession(170278393)--Thread(Thread[main,5,main])--The column name for element [houseNumber] is being defaulted to: HOUSENUMBER.
[EL Config]: metadata: 2019-04-30 15:13:15.197--ServerSession(170278393)--Thread(Thread[main,5,main])--The column name for element [numberSuffix] is being defaulted to: NUMBERSUFFIX.
[EL Config]: metadata: 2019-04-30 15:13:15.197--ServerSession(170278393)--Thread(Thread[main,5,main])--The column name for element [state] is being defaulted to: STATE.
[EL Config]: metadata: 2019-04-30 15:13:15.197--ServerSession(170278393)--Thread(Thread[main,5,main])--The column name for element [oid] is being defaulted to: OID.
[EL Config]: metadata: 2019-04-30 15:13:15.197--ServerSession(170278393)--Thread(Thread[main,5,main])--The column name for element [latitude] is being defaulted to: LATITUDE.
[EL Config]: metadata: 2019-04-30 15:13:15.197--ServerSession(170278393)--Thread(Thread[main,5,main])--The column name for element [longtitude] is being defaulted to: LONGTITUDE.
[EL Info]: 2019-04-30 15:13:16.478--ServerSession(170278393)--Thread(Thread[main,5,main])--EclipseLink, version: Eclipse Persistence Services - 2.5.0.v20130507-3faac2b
[EL Fine]: connection: 2019-04-30 15:13:17.915--Thread(Thread[main,5,main])--Detected database platform: org.eclipse.persistence.platform.database.HSQLPlatform
[EL Config]: connection: 2019-04-30 15:13:17.962--ServerSession(170278393)--Connection(771673426)--Thread(Thread[main,5,main])--connecting(DatabaseLogin(
	platform=>HSQLPlatform
	user name=> "sa"
	datasource URL=> "jdbc:hsqldb:mem:unit-testing-jpql"
))
[EL Config]: connection: 2019-04-30 15:13:17.962--ServerSession(170278393)--Connection(1899448875)--Thread(Thread[main,5,main])--Connected: jdbc:hsqldb:mem:unit-testing-jpql
	User: SA
	Database: HSQL Database Engine  Version: 2.4.1
	Driver: HSQL Database Engine Driver  Version: 2.4.1
[EL Info]: connection: 2019-04-30 15:13:18.165--ServerSession(170278393)--Thread(Thread[main,5,main])--file:/C:/2019-03 Full Stack EE Developer Track/workspace/Java3/se.skillytaire.belastingdienst.ee.entity/target/test-classes/_stuga login successful
[EL Fine]: sql: 2019-04-30 15:13:18.244--ServerSession(170278393)--Connection(1899448875)--Thread(Thread[main,5,main])--ALTER TABLE ADRES DROP CONSTRAINT UniqueAdresLocation
[EL Fine]: sql: 2019-04-30 15:13:18.259--ServerSession(170278393)--Thread(Thread[main,5,main])--CALL 1
[EL Warning]: 2019-04-30 15:13:18.259--ServerSession(170278393)--Thread(Thread[main,5,main])--Exception [EclipseLink-4002] (Eclipse Persistence Services - 2.5.0.v20130507-3faac2b): org.eclipse.persistence.exceptions.DatabaseException
Internal Exception: java.sql.SQLSyntaxErrorException: user lacks privilege or object not found: PUBLIC.ADRES in statement [ALTER TABLE ADRES DROP CONSTRAINT UniqueAdresLocation]
Error Code: -5501
Call: ALTER TABLE ADRES DROP CONSTRAINT UniqueAdresLocation
Query: DataModifyQuery(sql="ALTER TABLE ADRES DROP CONSTRAINT UniqueAdresLocation")
[EL Fine]: sql: 2019-04-30 15:13:18.275--ServerSession(170278393)--Connection(1899448875)--Thread(Thread[main,5,main])--DROP TABLE ADRES
[EL Fine]: sql: 2019-04-30 15:13:18.275--ServerSession(170278393)--Thread(Thread[main,5,main])--CALL 1
[EL Warning]: 2019-04-30 15:13:18.275--ServerSession(170278393)--Thread(Thread[main,5,main])--Exception [EclipseLink-4002] (Eclipse Persistence Services - 2.5.0.v20130507-3faac2b): org.eclipse.persistence.exceptions.DatabaseException
Internal Exception: java.sql.SQLSyntaxErrorException: user lacks privilege or object not found: ADRES in statement [DROP TABLE ADRES]
Error Code: -5501
Call: DROP TABLE ADRES
Query: DataModifyQuery(sql="DROP TABLE ADRES")
[EL Fine]: sql: 2019-04-30 15:13:18.275--ServerSession(170278393)--Connection(1899448875)--Thread(Thread[main,5,main])--DROP TABLE ADRES
[EL Fine]: sql: 2019-04-30 15:13:18.275--ServerSession(170278393)--Thread(Thread[main,5,main])--CALL 1
[EL Warning]: 2019-04-30 15:13:18.275--ServerSession(170278393)--Thread(Thread[main,5,main])--Exception [EclipseLink-4002] (Eclipse Persistence Services - 2.5.0.v20130507-3faac2b): org.eclipse.persistence.exceptions.DatabaseException
Internal Exception: java.sql.SQLSyntaxErrorException: user lacks privilege or object not found: ADRES in statement [DROP TABLE ADRES]
Error Code: -5501
Call: DROP TABLE ADRES
Query: DataModifyQuery(sql="DROP TABLE ADRES")
[EL Fine]: sql: 2019-04-30 15:13:18.275--ServerSession(170278393)--Connection(1899448875)--Thread(Thread[main,5,main])--DROP TABLE ADRES
[EL Fine]: sql: 2019-04-30 15:13:18.29--ServerSession(170278393)--Thread(Thread[main,5,main])--CALL 1
[EL Warning]: 2019-04-30 15:13:18.29--ServerSession(170278393)--Thread(Thread[main,5,main])--Exception [EclipseLink-4002] (Eclipse Persistence Services - 2.5.0.v20130507-3faac2b): org.eclipse.persistence.exceptions.DatabaseException
Internal Exception: java.sql.SQLSyntaxErrorException: user lacks privilege or object not found: ADRES in statement [DROP TABLE ADRES]
Error Code: -5501
Call: DROP TABLE ADRES
Query: DataModifyQuery(sql="DROP TABLE ADRES")
[EL Fine]: sql: 2019-04-30 15:13:18.29--ServerSession(170278393)--Connection(1899448875)--Thread(Thread[main,5,main])--DROP TABLE ADRES
[EL Fine]: sql: 2019-04-30 15:13:18.29--ServerSession(170278393)--Thread(Thread[main,5,main])--CALL 1
[EL Warning]: 2019-04-30 15:13:18.29--ServerSession(170278393)--Thread(Thread[main,5,main])--Exception [EclipseLink-4002] (Eclipse Persistence Services - 2.5.0.v20130507-3faac2b): org.eclipse.persistence.exceptions.DatabaseException
Internal Exception: java.sql.SQLSyntaxErrorException: user lacks privilege or object not found: ADRES in statement [DROP TABLE ADRES]
Error Code: -5501
Call: DROP TABLE ADRES
Query: DataModifyQuery(sql="DROP TABLE ADRES")
[EL Fine]: sql: 2019-04-30 15:13:18.29--ServerSession(170278393)--Connection(1899448875)--Thread(Thread[main,5,main])--DROP TABLE ADRES
[EL Fine]: sql: 2019-04-30 15:13:18.29--ServerSession(170278393)--Thread(Thread[main,5,main])--CALL 1
[EL Warning]: 2019-04-30 15:13:18.29--ServerSession(170278393)--Thread(Thread[main,5,main])--Exception [EclipseLink-4002] (Eclipse Persistence Services - 2.5.0.v20130507-3faac2b): org.eclipse.persistence.exceptions.DatabaseException
Internal Exception: java.sql.SQLSyntaxErrorException: user lacks privilege or object not found: ADRES in statement [DROP TABLE ADRES]
Error Code: -5501
Call: DROP TABLE ADRES
Query: DataModifyQuery(sql="DROP TABLE ADRES")
[EL Fine]: sql: 2019-04-30 15:13:18.29--ServerSession(170278393)--Connection(1899448875)--Thread(Thread[main,5,main])--CREATE TABLE ADRES (OID INTEGER NOT NULL, CITY VARCHAR(255), COUNTRY VARCHAR(255), HOUSENUMBER INTEGER, NUMBERSUFFIX VARCHAR(255), POSTALCODE VARCHAR(255), STATE VARCHAR(255), STREET VARCHAR(255), latitude REAL, longtitude REAL, PRIMARY KEY (OID))
[EL Fine]: sql: 2019-04-30 15:13:18.29--ServerSession(170278393)--Connection(1899448875)--Thread(Thread[main,5,main])--ALTER TABLE ADRES ADD CONSTRAINT UniqueAdresLocation UNIQUE (longtitude, latitude)
[EL Fine]: sql: 2019-04-30 15:13:18.306--ServerSession(170278393)--Connection(1899448875)--Thread(Thread[main,5,main])--CREATE TABLE SEQUENCE (SEQ_NAME VARCHAR(50) NOT NULL, SEQ_COUNT NUMERIC(38), PRIMARY KEY (SEQ_NAME))
[EL Fine]: sql: 2019-04-30 15:13:18.306--ServerSession(170278393)--Connection(1899448875)--Thread(Thread[main,5,main])--DELETE FROM SEQUENCE WHERE SEQ_NAME = SEQ_GEN
[EL Fine]: sql: 2019-04-30 15:13:18.322--ServerSession(170278393)--Connection(1899448875)--Thread(Thread[main,5,main])--SELECT * FROM SEQUENCE WHERE SEQ_NAME = SEQ_GEN
[EL Fine]: sql: 2019-04-30 15:13:18.322--ServerSession(170278393)--Connection(1899448875)--Thread(Thread[main,5,main])--INSERT INTO SEQUENCE(SEQ_NAME, SEQ_COUNT) values (SEQ_GEN, 0)
[EL Fine]: sql: 2019-04-30 15:13:18.525--ClientSession(1243880541)--Connection(1899448875)--Thread(Thread[main,5,main])--UPDATE SEQUENCE SET SEQ_COUNT = SEQ_COUNT + ? WHERE SEQ_NAME = ?
	bind => [50, SEQ_GEN]
[EL Fine]: sql: 2019-04-30 15:13:18.525--ClientSession(1243880541)--Connection(1899448875)--Thread(Thread[main,5,main])--SELECT SEQ_COUNT FROM SEQUENCE WHERE SEQ_NAME = ?
	bind => [SEQ_GEN]
]]></system-out>
  </testcase>
  <testcase name="equalsNullTest" classname="se.skillytaire.belastingdienst.ee.entity.AdresTest" time="0"/>
  <testcase name="testHash" classname="se.skillytaire.belastingdienst.ee.entity.AdresTest" time="0"/>
  <testcase name="equalsGelijkTest" classname="se.skillytaire.belastingdienst.ee.entity.AdresTest" time="0"/>
  <testcase name="equalsGelijkeRefTest" classname="se.skillytaire.belastingdienst.ee.entity.AdresTest" time="0"/>
  <testcase name="equalsOngelijkTest" classname="se.skillytaire.belastingdienst.ee.entity.AdresTest" time="0"/>
  <testcase name="fullConstructorTest" classname="se.skillytaire.belastingdienst.ee.entity.AdresTest" time="0"/>
</testsuite>